<?xml version="1.0" encoding="UTF-8"?>
<!-- Generated by org.testng.reporters.JUnitReportReporter -->
<testsuite hostname="DESKTOP-3QACDJK" failures="0" tests="3" name="WebGuiTests.Tests" time="16.642" errors="0" timestamp="2021-11-12T15:00:18 EET" skipped="0">
  <testcase classname="WebGuiTests.Tests" name="SearchForText" time="5.622"/>
  <system-out/>
  <testcase classname="WebGuiTests.Tests" name="dynamicLoading" time="8.874"/>
  <system-out/>
  <testcase classname="WebGuiTests.Tests" name="uploadImage" time="2.146"/>
  <system-out/>
</testsuite> <!-- WebGuiTests.Tests -->
