<?xml version="1.0" encoding="UTF-8"?>
<!-- Generated by org.testng.reporters.JUnitReportReporter -->
<testsuite hostname="DESKTOP-3QACDJK" failures="0" tests="1" name="CatApiTest.NewTest" time="4.280" errors="0" timestamp="2021-11-12T15:00:18 EET" skipped="0">
  <testcase classname="CatApiTest.NewTest" name="checkTextIsNotEmpty" time="4.280"/>
  <system-out/>
</testsuite> <!-- CatApiTest.NewTest -->
